<?xml version="1.0" encoding="UTF-8"?>
<robot generator="Robot 4.0.1 (Python 3.9.5 on darwin)" generated="20211029 17:43:01.245" rpa="false" schemaversion="2">
<suite id="s1" name="Temp" source="/Users/danielapaiva/Documents/GravidadeZero/GetGeeks/Project/tests/Temp.robot">
<test id="s1-t1" name="Trabalhando com Listas">
<kw name="Create List" library="BuiltIn">
<var>@{avengers}</var>
<arg>Tony Stark</arg>
<arg>Kamalakhan</arg>
<arg>Steve Rogers</arg>
<doc>Returns a list containing given items.</doc>
<msg timestamp="20211029 17:43:01.262" level="INFO">@{avengers} = [ Tony Stark | Kamalakhan | Steve Rogers ]</msg>
<status status="PASS" starttime="20211029 17:43:01.262" endtime="20211029 17:43:01.262"/>
</kw>
<kw name="Append To List" library="Collections">
<arg>${avengers}</arg>
<arg>Hulk</arg>
<arg>Black Widow</arg>
<doc>Adds ``values`` to the end of ``list``.</doc>
<status status="PASS" starttime="20211029 17:43:01.262" endtime="20211029 17:43:01.262"/>
</kw>
<for flavor="IN">
<var>${a}</var>
<value>@{avengers}</value>
<iter>
<var name="${a}">Tony Stark</var>
<kw name="Log To Console" library="BuiltIn">
<arg>${a}</arg>
<doc>Logs the given message to the console.</doc>
<status status="PASS" starttime="20211029 17:43:01.263" endtime="20211029 17:43:01.263"/>
</kw>
<status status="PASS" starttime="20211029 17:43:01.263" endtime="20211029 17:43:01.263"/>
</iter>
<iter>
<var name="${a}">Kamalakhan</var>
<kw name="Log To Console" library="BuiltIn">
<arg>${a}</arg>
<doc>Logs the given message to the console.</doc>
<status status="PASS" starttime="20211029 17:43:01.263" endtime="20211029 17:43:01.263"/>
</kw>
<status status="PASS" starttime="20211029 17:43:01.263" endtime="20211029 17:43:01.263"/>
</iter>
<iter>
<var name="${a}">Steve Rogers</var>
<kw name="Log To Console" library="BuiltIn">
<arg>${a}</arg>
<doc>Logs the given message to the console.</doc>
<status status="PASS" starttime="20211029 17:43:01.263" endtime="20211029 17:43:01.263"/>
</kw>
<status status="PASS" starttime="20211029 17:43:01.263" endtime="20211029 17:43:01.263"/>
</iter>
<iter>
<var name="${a}">Hulk</var>
<kw name="Log To Console" library="BuiltIn">
<arg>${a}</arg>
<doc>Logs the given message to the console.</doc>
<status status="PASS" starttime="20211029 17:43:01.263" endtime="20211029 17:43:01.264"/>
</kw>
<status status="PASS" starttime="20211029 17:43:01.263" endtime="20211029 17:43:01.264"/>
</iter>
<iter>
<var name="${a}">Black Widow</var>
<kw name="Log To Console" library="BuiltIn">
<arg>${a}</arg>
<doc>Logs the given message to the console.</doc>
<status status="PASS" starttime="20211029 17:43:01.264" endtime="20211029 17:43:01.264"/>
</kw>
<status status="PASS" starttime="20211029 17:43:01.264" endtime="20211029 17:43:01.264"/>
</iter>
<status status="PASS" starttime="20211029 17:43:01.263" endtime="20211029 17:43:01.264"/>
</for>
<kw name="Create List" library="BuiltIn">
<var>@{avengers2}</var>
<arg>Tony Stark</arg>
<arg>Miss Marvel</arg>
<arg>Steve Rogers</arg>
<arg>Hulk</arg>
<arg>Black Widow</arg>
<doc>Returns a list containing given items.</doc>
<msg timestamp="20211029 17:43:01.264" level="INFO">@{avengers2} = [ Tony Stark | Miss Marvel | Steve Rogers | Hulk | Black Widow ]</msg>
<status status="PASS" starttime="20211029 17:43:01.264" endtime="20211029 17:43:01.264"/>
</kw>
<kw name="Lists Should Be Equal" library="Collections">
<arg>${avengers}</arg>
<arg>${avengers2}</arg>
<doc>Fails if given lists are unequal.</doc>
<msg timestamp="20211029 17:43:01.264" level="FAIL">Lists are different:
Index 1: Kamalakhan != Miss Marvel</msg>
<status status="FAIL" starttime="20211029 17:43:01.264" endtime="20211029 17:43:01.264"/>
</kw>
<status status="FAIL" starttime="20211029 17:43:01.262" endtime="20211029 17:43:01.265">Lists are different:
Index 1: Kamalakhan != Miss Marvel</status>
</test>
<doc>Temp</doc>
<status status="FAIL" starttime="20211029 17:43:01.247" endtime="20211029 17:43:01.265"/>
</suite>
<statistics>
<total>
<stat pass="0" fail="1" skip="0">All Tests</stat>
</total>
<tag>
</tag>
<suite>
<stat pass="0" fail="1" skip="0" id="s1" name="Temp">Temp</stat>
</suite>
</statistics>
<errors>
</errors>
</robot>
